0 info it worked if it ends with ok
1 verbose cli [ '/Users/olivierbossel/.nvm/versions/node/v6.0.0/bin/node',
1 verbose cli   '/Users/olivierbossel/.nvm/versions/node/v6.0.0/bin/npm',
1 verbose cli   'run',
1 verbose cli   'start' ]
2 info using npm@3.8.6
3 info using node@v6.0.0
4 verbose run-script [ 'prestart', 'start', 'poststart' ]
5 info lifecycle logic-brandsite-template@1.0.0~prestart: logic-brandsite-template@1.0.0
6 silly lifecycle logic-brandsite-template@1.0.0~prestart: no script for prestart, continuing
7 info lifecycle logic-brandsite-template@1.0.0~start: logic-brandsite-template@1.0.0
8 verbose lifecycle logic-brandsite-template@1.0.0~start: unsafe-perm in lifecycle true
9 verbose lifecycle logic-brandsite-template@1.0.0~start: PATH: /Users/olivierbossel/.nvm/versions/node/v6.0.0/lib/node_modules/npm/bin/node-gyp-bin:/Users/olivierbossel/data/web/logic/logic-brandsite-template/node_modules/.bin:/Users/olivierbossel/.nvm/versions/node/v6.0.0/bin:/Users/olivierbossel/.nvm/versions/node/v6.0.0/bin:/Users/olivierbossel/.avn/bin:/usr/local/bin:/usr/bin:/bin:/usr/sbin:/sbin:/usr/local/sbin:/usr/local/share/npm/bin:/usr/local/bin
10 verbose lifecycle logic-brandsite-template@1.0.0~start: CWD: /Users/olivierbossel/data/web/logic/logic-brandsite-template
11 silly lifecycle logic-brandsite-template@1.0.0~start: Args: [ '-c',
11 silly lifecycle   'concurrently --kill-others "npm run dist.watch" "npm run server"' ]
12 silly lifecycle logic-brandsite-template@1.0.0~start: Returned: code: 1  signal: null
13 info lifecycle logic-brandsite-template@1.0.0~start: Failed to exec start script
14 verbose stack Error: logic-brandsite-template@1.0.0 start: `concurrently --kill-others "npm run dist.watch" "npm run server"`
14 verbose stack Exit status 1
14 verbose stack     at EventEmitter.<anonymous> (/Users/olivierbossel/.nvm/versions/node/v6.0.0/lib/node_modules/npm/lib/utils/lifecycle.js:239:16)
14 verbose stack     at emitTwo (events.js:106:13)
14 verbose stack     at EventEmitter.emit (events.js:191:7)
14 verbose stack     at ChildProcess.<anonymous> (/Users/olivierbossel/.nvm/versions/node/v6.0.0/lib/node_modules/npm/lib/utils/spawn.js:24:14)
14 verbose stack     at emitTwo (events.js:106:13)
14 verbose stack     at ChildProcess.emit (events.js:191:7)
14 verbose stack     at maybeClose (internal/child_process.js:850:16)
14 verbose stack     at Process.ChildProcess._handle.onexit (internal/child_process.js:215:5)
15 verbose pkgid logic-brandsite-template@1.0.0
16 verbose cwd /Users/olivierbossel/data/web/logic/logic-brandsite-template/src/js
17 error Darwin 16.4.0
18 error argv "/Users/olivierbossel/.nvm/versions/node/v6.0.0/bin/node" "/Users/olivierbossel/.nvm/versions/node/v6.0.0/bin/npm" "run" "start"
19 error node v6.0.0
20 error npm  v3.8.6
21 error code ELIFECYCLE
22 error logic-brandsite-template@1.0.0 start: `concurrently --kill-others "npm run dist.watch" "npm run server"`
22 error Exit status 1
23 error Failed at the logic-brandsite-template@1.0.0 start script 'concurrently --kill-others "npm run dist.watch" "npm run server"'.
23 error Make sure you have the latest version of node.js and npm installed.
23 error If you do, this is most likely a problem with the logic-brandsite-template package,
23 error not with npm itself.
23 error Tell the author that this fails on your system:
23 error     concurrently --kill-others "npm run dist.watch" "npm run server"
23 error You can get information on how to open an issue for this project with:
23 error     npm bugs logic-brandsite-template
23 error Or if that isn't available, you can get their info via:
23 error     npm owner ls logic-brandsite-template
23 error There is likely additional logging output above.
24 verbose exit [ 1, true ]
